2024-09-19 13:51:59,596 [INFO] Activator:177 - 


2024-09-19 13:51:59,600 [INFO] Activator:178 - !SESSION log4j initialized
2024-09-19 13:52:11,300 [INFO] McuFinderGlobals:39 - Set McuFinder mode to 2 (CubeIDE integrated)
2024-09-19 13:52:11,821 [INFO] ApplicationProperties:181 - Using Application install path: C:\ST\STM32CubeIDE_1.7.0\STM32CubeIDE\plugins\com.st.stm32cube.common.mx_6.3.0.202107141111
2024-09-19 13:52:11,844 [INFO] DbMcusXml:74 - Set database path to: C:\ST\STM32CubeIDE_1.7.0\STM32CubeIDE\plugins\com.st.stm32cube.common.mx_6.3.0.202107141111\\db\/mcu/
2024-09-19 13:52:11,852 [INFO] DbBoardsPdsc:56 - Set plugin database path to: C:\ST\STM32CubeIDE_1.7.0\STM32CubeIDE\plugins\com.st.stm32cube.common.mx_6.3.0.202107141111\\db\/plugins/boardmanager/
2024-09-19 13:52:11,853 [INFO] DbMcus:258 - Set plugin images path to: C:\ST\STM32CubeIDE_1.7.0\STM32CubeIDE\plugins\com.st.stm32cube.common.mx_6.3.0.202107141111\\db\/plugins/mcufinder/images/
2024-09-19 13:52:11,853 [INFO] DbBoards:264 - Set plugin images path to: C:\ST\STM32CubeIDE_1.7.0\STM32CubeIDE\plugins\com.st.stm32cube.common.mx_6.3.0.202107141111\\db\/plugins/mcufinder/images/
2024-09-19 13:52:11,860 [INFO] DbExamples:333 - Set plugin images path to: C:\ST\STM32CubeIDE_1.7.0\STM32CubeIDE\plugins\com.st.stm32cube.common.mx_6.3.0.202107141111\\db\/plugins/mcufinder/images/
2024-09-19 13:52:11,870 [INFO] DbMcusAds:119 - Set database path to: C:\Users\phaml\.stmcufinder\plugins\mcufinder//mcu/
2024-09-19 13:52:11,872 [INFO] DbMcusDocs:110 - Set database path to: C:\Users\phaml\.stmcufinder\plugins\mcufinder//mcu/
2024-09-19 13:52:11,876 [INFO] DbMcusJson:64 - Set database path to: C:\Users\phaml\.stmcufinder\plugins\mcufinder//mcu/
2024-09-19 13:52:11,878 [INFO] DbBoardsDocs:110 - Set database path to: C:\Users\phaml\.stmcufinder\plugins\mcufinder//mcu/
2024-09-19 13:52:11,881 [INFO] DbBoardsJson:57 - Set database path to: C:\Users\phaml\.stmcufinder\plugins\mcufinder//mcu/
2024-09-19 13:52:12,889 [INFO] CrossReferenceDbSqlite:196 - Set database path to: C:\Users\phaml\.stmcufinder\plugins\mcufinder//mcu/cs/
2024-09-19 13:52:12,897 [INFO] DbExamplesSqlite:767 - Set database path to: C:\Users\phaml\.stmcufinder\plugins\mcufinder//mcu/
2024-09-19 13:52:13,122 [INFO] RulesReader:57 - Compatibility file has been processed (242 Rules)
2024-09-19 13:52:13,309 [INFO] DbMcusXml:74 - Set database path to: C:\ST\STM32CubeIDE_1.7.0\STM32CubeIDE\plugins\com.st.stm32cube.common.mx_6.3.0.202107141111\\db\/mcu/
2024-09-19 13:52:13,312 [INFO] DbBoardsPdsc:56 - Set plugin database path to: C:\ST\STM32CubeIDE_1.7.0\STM32CubeIDE\plugins\com.st.stm32cube.common.mx_6.3.0.202107141111\\db\/plugins/boardmanager/
2024-09-19 13:52:13,312 [INFO] DbMcus:258 - Set plugin images path to: C:\ST\STM32CubeIDE_1.7.0\STM32CubeIDE\plugins\com.st.stm32cube.common.mx_6.3.0.202107141111\\db\/plugins/mcufinder/images/
2024-09-19 13:52:13,313 [INFO] DbBoards:264 - Set plugin images path to: C:\ST\STM32CubeIDE_1.7.0\STM32CubeIDE\plugins\com.st.stm32cube.common.mx_6.3.0.202107141111\\db\/plugins/mcufinder/images/
2024-09-19 13:52:13,313 [INFO] DbExamples:333 - Set plugin images path to: C:\ST\STM32CubeIDE_1.7.0\STM32CubeIDE\plugins\com.st.stm32cube.common.mx_6.3.0.202107141111\\db\/plugins/mcufinder/images/
2024-09-19 13:52:13,313 [WARN] DbFile:35 - Overriding database path with different value: C:\Users\phaml\.stmcufinder\plugins\mcufinder/ => C:\Users\phaml\.stmcufinder\plugins\mcufinder
2024-09-19 13:52:13,314 [INFO] DbMcusAds:119 - Set database path to: C:\Users\phaml\.stmcufinder\plugins\mcufinder//mcu/
2024-09-19 13:52:13,314 [WARN] DbFile:35 - Overriding database path with different value: C:\Users\phaml\.stmcufinder\plugins\mcufinder/ => C:\Users\phaml\.stmcufinder\plugins\mcufinder
2024-09-19 13:52:13,314 [INFO] DbMcusDocs:110 - Set database path to: C:\Users\phaml\.stmcufinder\plugins\mcufinder//mcu/
2024-09-19 13:52:13,315 [WARN] DbFile:35 - Overriding database path with different value: C:\Users\phaml\.stmcufinder\plugins\mcufinder/ => C:\Users\phaml\.stmcufinder\plugins\mcufinder
2024-09-19 13:52:13,315 [INFO] DbMcusJson:64 - Set database path to: C:\Users\phaml\.stmcufinder\plugins\mcufinder//mcu/
2024-09-19 13:52:13,315 [WARN] DbFile:35 - Overriding database path with different value: C:\Users\phaml\.stmcufinder\plugins\mcufinder/ => C:\Users\phaml\.stmcufinder\plugins\mcufinder
2024-09-19 13:52:13,316 [INFO] DbBoardsDocs:110 - Set database path to: C:\Users\phaml\.stmcufinder\plugins\mcufinder//mcu/
2024-09-19 13:52:13,316 [WARN] DbFile:35 - Overriding database path with different value: C:\Users\phaml\.stmcufinder\plugins\mcufinder/ => C:\Users\phaml\.stmcufinder\plugins\mcufinder
2024-09-19 13:52:13,316 [INFO] DbBoardsJson:57 - Set database path to: C:\Users\phaml\.stmcufinder\plugins\mcufinder//mcu/
2024-09-19 13:52:13,317 [WARN] DbFile:35 - Overriding database path with different value: C:\Users\phaml\.stmcufinder\plugins\mcufinder/ => C:\Users\phaml\.stmcufinder\plugins\mcufinder
2024-09-19 13:52:13,317 [WARN] DbFile:35 - Overriding database path with different value: C:\Users\phaml\.stmcufinder\plugins\mcufinder/ => C:\Users\phaml\.stmcufinder\plugins\mcufinder
2024-09-19 13:52:13,883 [INFO] CrossReferenceDbSqlite:196 - Set database path to: C:\Users\phaml\.stmcufinder\plugins\mcufinder//mcu/cs/
2024-09-19 13:52:13,884 [WARN] DbFile:35 - Overriding database path with different value: C:\Users\phaml\.stmcufinder\plugins\mcufinder/ => C:\Users\phaml\.stmcufinder\plugins\mcufinder
2024-09-19 13:52:13,884 [INFO] DbExamplesSqlite:767 - Set database path to: C:\Users\phaml\.stmcufinder\plugins\mcufinder//mcu/
2024-09-19 13:52:14,018 [INFO] MainPanel:214 - HeapMemory: 268435456
2024-09-19 13:52:14,163 [INFO] DbMcusXml:74 - Set database path to: C:\ST\STM32CubeIDE_1.7.0\STM32CubeIDE\plugins\com.st.stm32cube.common.mx_6.3.0.202107141111\\db\/mcu/
2024-09-19 13:52:14,163 [INFO] DbBoardsPdsc:56 - Set plugin database path to: C:\ST\STM32CubeIDE_1.7.0\STM32CubeIDE\plugins\com.st.stm32cube.common.mx_6.3.0.202107141111\\db\/plugins/boardmanager/
2024-09-19 13:52:14,163 [INFO] DbMcus:258 - Set plugin images path to: C:\ST\STM32CubeIDE_1.7.0\STM32CubeIDE\plugins\com.st.stm32cube.common.mx_6.3.0.202107141111\\db\/plugins/mcufinder/images/
2024-09-19 13:52:14,164 [INFO] DbBoards:264 - Set plugin images path to: C:\ST\STM32CubeIDE_1.7.0\STM32CubeIDE\plugins\com.st.stm32cube.common.mx_6.3.0.202107141111\\db\/plugins/mcufinder/images/
2024-09-19 13:52:14,164 [INFO] DbExamples:333 - Set plugin images path to: C:\ST\STM32CubeIDE_1.7.0\STM32CubeIDE\plugins\com.st.stm32cube.common.mx_6.3.0.202107141111\\db\/plugins/mcufinder/images/
2024-09-19 13:52:14,165 [WARN] DbFile:35 - Overriding database path with different value: C:\Users\phaml\.stmcufinder\plugins\mcufinder/ => C:\Users\phaml\.stmcufinder\plugins\mcufinder
2024-09-19 13:52:14,165 [INFO] DbMcusAds:119 - Set database path to: C:\Users\phaml\.stmcufinder\plugins\mcufinder//mcu/
2024-09-19 13:52:14,165 [WARN] DbFile:35 - Overriding database path with different value: C:\Users\phaml\.stmcufinder\plugins\mcufinder/ => C:\Users\phaml\.stmcufinder\plugins\mcufinder
2024-09-19 13:52:14,166 [INFO] DbMcusDocs:110 - Set database path to: C:\Users\phaml\.stmcufinder\plugins\mcufinder//mcu/
2024-09-19 13:52:14,166 [WARN] DbFile:35 - Overriding database path with different value: C:\Users\phaml\.stmcufinder\plugins\mcufinder/ => C:\Users\phaml\.stmcufinder\plugins\mcufinder
2024-09-19 13:52:14,166 [INFO] DbMcusJson:64 - Set database path to: C:\Users\phaml\.stmcufinder\plugins\mcufinder//mcu/
2024-09-19 13:52:14,166 [WARN] DbFile:35 - Overriding database path with different value: C:\Users\phaml\.stmcufinder\plugins\mcufinder/ => C:\Users\phaml\.stmcufinder\plugins\mcufinder
2024-09-19 13:52:14,167 [INFO] DbBoardsDocs:110 - Set database path to: C:\Users\phaml\.stmcufinder\plugins\mcufinder//mcu/
2024-09-19 13:52:14,167 [WARN] DbFile:35 - Overriding database path with different value: C:\Users\phaml\.stmcufinder\plugins\mcufinder/ => C:\Users\phaml\.stmcufinder\plugins\mcufinder
2024-09-19 13:52:14,167 [INFO] DbBoardsJson:57 - Set database path to: C:\Users\phaml\.stmcufinder\plugins\mcufinder//mcu/
2024-09-19 13:52:14,168 [WARN] DbFile:35 - Overriding database path with different value: C:\Users\phaml\.stmcufinder\plugins\mcufinder/ => C:\Users\phaml\.stmcufinder\plugins\mcufinder
2024-09-19 13:52:14,168 [WARN] DbFile:35 - Overriding database path with different value: C:\Users\phaml\.stmcufinder\plugins\mcufinder/ => C:\Users\phaml\.stmcufinder\plugins\mcufinder
2024-09-19 13:52:14,888 [INFO] CrossReferenceDbSqlite:196 - Set database path to: C:\Users\phaml\.stmcufinder\plugins\mcufinder//mcu/cs/
2024-09-19 13:52:14,889 [WARN] DbFile:35 - Overriding database path with different value: C:\Users\phaml\.stmcufinder\plugins\mcufinder/ => C:\Users\phaml\.stmcufinder\plugins\mcufinder
2024-09-19 13:52:14,889 [INFO] DbExamplesSqlite:767 - Set database path to: C:\Users\phaml\.stmcufinder\plugins\mcufinder//mcu/
2024-09-19 13:52:14,930 [INFO] ApplicationProperties:181 - Using Application install path: C:\ST\STM32CubeIDE_1.7.0\STM32CubeIDE\plugins\com.st.stm32cube.common.mx_6.3.0.202107141111
2024-09-19 13:52:14,933 [INFO] PluginManage:188 - Search for loadable plugins [exclusion list=, ]
2024-09-19 13:52:14,936 [INFO] PluginManage:302 - Check plugin analytics
2024-09-19 13:52:16,018 [INFO] AnalyticsPlugin:257 - Accepted Software Licenses: 
2024-09-19 13:52:16,019 [INFO] AnalyticsPlugin:259 - Accepted CMSIS Pack Licenses: 
2024-09-19 13:52:16,019 [INFO] AnalyticsPlugin:261 - Accepted Firmware Licenses: 
2024-09-19 13:52:16,020 [INFO] PluginManage:352 - Loaded plugin analytics (category:tool,tabindex:-1)
2024-09-19 13:52:16,020 [INFO] PluginManage:302 - Check plugin clock
2024-09-19 13:52:16,046 [INFO] PluginManage:352 - Loaded plugin clock (category:base,tabindex:2)
2024-09-19 13:52:16,046 [INFO] PluginManage:302 - Check plugin ddr
2024-09-19 13:52:16,051 [INFO] PluginManage:352 - Loaded plugin ddr (category:tool,tabindex:6)
2024-09-19 13:52:16,051 [INFO] PluginManage:302 - Check plugin filemanager
2024-09-19 13:52:16,327 [INFO] PluginManage:352 - Loaded plugin filemanager (category:base,tabindex:10)
2024-09-19 13:52:16,327 [INFO] PluginManage:302 - Check plugin ipmanager
2024-09-19 13:52:16,345 [INFO] PluginManage:352 - Loaded plugin ipmanager (category:base,tabindex:5)
2024-09-19 13:52:16,345 [INFO] PluginManage:302 - Check plugin pinoutandconfiguration
2024-09-19 13:52:16,365 [INFO] PluginManage:352 - Loaded plugin pinoutandconfiguration (category:base,tabindex:1)
2024-09-19 13:52:16,365 [INFO] PluginManage:302 - Check plugin pinoutconfig
2024-09-19 13:52:16,429 [INFO] PluginManage:352 - Loaded plugin pinoutconfig (category:base,tabindex:0)
2024-09-19 13:52:16,430 [INFO] PluginManage:302 - Check plugin power
2024-09-19 13:52:16,451 [INFO] PluginManage:352 - Loaded plugin power (category:power,tabindex:4)
2024-09-19 13:52:16,451 [INFO] PluginManage:302 - Check plugin projectmanager
2024-09-19 13:52:16,489 [INFO] PluginManage:352 - Loaded plugin projectmanager (category:projectmanager,tabindex:3)
2024-09-19 13:52:16,490 [INFO] PluginManage:302 - Check plugin thirdparty
2024-09-19 13:52:16,796 [WARN] IntegrityCheckThread:78 - waiting for thirdparty lock release [integrity check]
2024-09-19 13:52:16,798 [INFO] PluginManage:352 - Loaded plugin thirdparty (category:base,tabindex:-1)
2024-09-19 13:52:16,798 [INFO] IntegrityCheckThread:80 - entering critical section [integrity check]
2024-09-19 13:52:16,799 [INFO] PluginManage:302 - Check plugin tools
2024-09-19 13:52:16,799 [INFO] ThirdPartyUpdaterWithRetryManager:66 - Updater plugin not ready yet. [1/15]
2024-09-19 13:52:16,803 [INFO] PluginManage:352 - Loaded plugin tools (category:base,tabindex:7)
2024-09-19 13:52:16,804 [INFO] PluginManage:302 - Check plugin tutovideos
2024-09-19 13:52:17,294 [INFO] PluginManage:352 - Loaded plugin tutovideos (category:base,tabindex:-1)
2024-09-19 13:52:17,294 [INFO] PluginManage:302 - Check plugin updater
2024-09-19 13:52:17,319 [INFO] PluginManage:352 - Loaded plugin updater (category:base,tabindex:12)
2024-09-19 13:52:17,320 [INFO] PluginManage:275 - PluginManage : Loaded plugins [13]
2024-09-19 13:52:17,689 [INFO] PinOutPanel:1463 - setPackage(No Configuration,No Configuration)
2024-09-19 13:52:17,874 [INFO] IPUIPlugin:74 - create IPUIPlugin
2024-09-19 13:52:17,875 [INFO] PluginManager:213 - loadIPPluginJar : add adc
2024-09-19 13:52:17,880 [INFO] IPUIPlugin:74 - create IPUIPlugin
2024-09-19 13:52:17,880 [INFO] PluginManager:213 - loadIPPluginJar : add aes
2024-09-19 13:52:17,886 [INFO] IPUIPlugin:74 - create IPUIPlugin
2024-09-19 13:52:17,887 [INFO] PluginManager:213 - loadIPPluginJar : add can
2024-09-19 13:52:17,890 [INFO] IPUIPlugin:74 - create IPUIPlugin
2024-09-19 13:52:17,891 [INFO] PluginManager:213 - loadIPPluginJar : add comp
2024-09-19 13:52:17,896 [INFO] IPUIPlugin:74 - create IPUIPlugin
2024-09-19 13:52:17,896 [INFO] PluginManager:213 - loadIPPluginJar : add cryp
2024-09-19 13:52:17,901 [INFO] IPUIPlugin:74 - create IPUIPlugin
2024-09-19 13:52:17,902 [INFO] PluginManager:213 - loadIPPluginJar : add dfsdm
2024-09-19 13:52:17,913 [INFO] IPUIPlugin:74 - create IPUIPlugin
2024-09-19 13:52:17,915 [INFO] PluginManager:213 - loadIPPluginJar : add dma
2024-09-19 13:52:17,921 [INFO] IPUIPlugin:74 - create IPUIPlugin
2024-09-19 13:52:17,922 [INFO] PluginManager:213 - loadIPPluginJar : add dma3
2024-09-19 13:52:17,925 [INFO] IPUIPlugin:74 - create IPUIPlugin
2024-09-19 13:52:17,925 [INFO] PluginManager:213 - loadIPPluginJar : add fatfs
2024-09-19 13:52:17,935 [INFO] IPUIPlugin:74 - create IPUIPlugin
2024-09-19 13:52:17,936 [INFO] PluginManager:213 - loadIPPluginJar : add fmc
2024-09-19 13:52:17,948 [INFO] IPUIPlugin:74 - create IPUIPlugin
2024-09-19 13:52:17,949 [INFO] PluginManager:213 - loadIPPluginJar : add freertos
2024-09-19 13:52:17,952 [INFO] IPUIPlugin:74 - create IPUIPlugin
2024-09-19 13:52:17,953 [INFO] PluginManager:213 - loadIPPluginJar : add genericplugin
2024-09-19 13:52:17,957 [INFO] IPUIPlugin:74 - create IPUIPlugin
2024-09-19 13:52:17,958 [INFO] PluginManager:213 - loadIPPluginJar : add gfxmmu
2024-09-19 13:52:17,970 [INFO] IPUIPlugin:74 - create IPUIPlugin
2024-09-19 13:52:17,970 [INFO] PluginManager:213 - loadIPPluginJar : add gic
2024-09-19 13:52:17,979 [INFO] IPUIPlugin:74 - create IPUIPlugin
2024-09-19 13:52:17,979 [INFO] PluginManager:213 - loadIPPluginJar : add gpio
2024-09-19 13:52:17,985 [INFO] IPUIPlugin:74 - create IPUIPlugin
2024-09-19 13:52:17,985 [INFO] PluginManager:213 - loadIPPluginJar : add gtzc
2024-09-19 13:52:17,990 [INFO] IPUIPlugin:74 - create IPUIPlugin
2024-09-19 13:52:17,991 [INFO] PluginManager:213 - loadIPPluginJar : add hash
2024-09-19 13:52:17,997 [INFO] IPUIPlugin:74 - create IPUIPlugin
2024-09-19 13:52:17,997 [INFO] PluginManager:213 - loadIPPluginJar : add i2c
2024-09-19 13:52:18,003 [INFO] IPUIPlugin:74 - create IPUIPlugin
2024-09-19 13:52:18,003 [INFO] PluginManager:213 - loadIPPluginJar : add i2s
2024-09-19 13:52:18,009 [INFO] IPUIPlugin:74 - create IPUIPlugin
2024-09-19 13:52:18,010 [INFO] PluginManager:213 - loadIPPluginJar : add ipddr
2024-09-19 13:52:18,025 [INFO] IPUIPlugin:74 - create IPUIPlugin
2024-09-19 13:52:18,025 [INFO] PluginManager:213 - loadIPPluginJar : add linkedlist
2024-09-19 13:52:18,033 [INFO] IPUIPlugin:74 - create IPUIPlugin
2024-09-19 13:52:18,033 [INFO] PluginManager:213 - loadIPPluginJar : add lorawan
2024-09-19 13:52:18,037 [INFO] IPUIPlugin:74 - create IPUIPlugin
2024-09-19 13:52:18,037 [INFO] PluginManager:213 - loadIPPluginJar : add ltdc
2024-09-19 13:52:18,046 [INFO] IPUIPlugin:74 - create IPUIPlugin
2024-09-19 13:52:18,046 [INFO] PluginManager:213 - loadIPPluginJar : add mdma
2024-09-19 13:52:18,054 [INFO] IPUIPlugin:74 - create IPUIPlugin
2024-09-19 13:52:18,055 [INFO] PluginManager:213 - loadIPPluginJar : add nvic
2024-09-19 13:52:18,061 [INFO] IPUIPlugin:74 - create IPUIPlugin
2024-09-19 13:52:18,061 [INFO] PluginManager:213 - loadIPPluginJar : add opamp
2024-09-19 13:52:18,068 [INFO] IPUIPlugin:74 - create IPUIPlugin
2024-09-19 13:52:18,068 [INFO] PluginManager:213 - loadIPPluginJar : add openamp
2024-09-19 13:52:18,075 [INFO] IPUIPlugin:74 - create IPUIPlugin
2024-09-19 13:52:18,075 [INFO] PluginManager:213 - loadIPPluginJar : add pdm2pcm
2024-09-19 13:52:18,090 [INFO] IPUIPlugin:74 - create IPUIPlugin
2024-09-19 13:52:18,098 [INFO] PluginManager:213 - loadIPPluginJar : add plateformsettings
2024-09-19 13:52:18,101 [INFO] IPUIPlugin:74 - create IPUIPlugin
2024-09-19 13:52:18,101 [INFO] PluginManager:213 - loadIPPluginJar : add quadspi
2024-09-19 13:52:18,141 [INFO] IPUIPlugin:74 - create IPUIPlugin
2024-09-19 13:52:18,143 [INFO] PluginManager:213 - loadIPPluginJar : add resmgrutility
2024-09-19 13:52:18,152 [INFO] IPUIPlugin:74 - create IPUIPlugin
2024-09-19 13:52:18,153 [INFO] PluginManager:213 - loadIPPluginJar : add sai
2024-09-19 13:52:18,159 [INFO] IPUIPlugin:74 - create IPUIPlugin
2024-09-19 13:52:18,159 [INFO] PluginManager:213 - loadIPPluginJar : add spi
2024-09-19 13:52:18,169 [INFO] IPUIPlugin:74 - create IPUIPlugin
2024-09-19 13:52:18,170 [INFO] PluginManager:213 - loadIPPluginJar : add stm32_wpan
2024-09-19 13:52:18,174 [INFO] IPUIPlugin:74 - create IPUIPlugin
2024-09-19 13:52:18,175 [INFO] PluginManager:213 - loadIPPluginJar : add tim
2024-09-19 13:52:18,183 [INFO] IPUIPlugin:74 - create IPUIPlugin
2024-09-19 13:52:18,183 [INFO] PluginManager:213 - loadIPPluginJar : add touchsensing
2024-09-19 13:52:18,188 [INFO] IPUIPlugin:74 - create IPUIPlugin
2024-09-19 13:52:18,188 [INFO] PluginManager:213 - loadIPPluginJar : add tracer_emb
2024-09-19 13:52:18,192 [INFO] IPUIPlugin:74 - create IPUIPlugin
2024-09-19 13:52:18,193 [INFO] PluginManager:213 - loadIPPluginJar : add ts
2024-09-19 13:52:18,196 [INFO] IPUIPlugin:74 - create IPUIPlugin
2024-09-19 13:52:18,197 [INFO] PluginManager:213 - loadIPPluginJar : add tsc
2024-09-19 13:52:18,201 [INFO] IPUIPlugin:74 - create IPUIPlugin
2024-09-19 13:52:18,201 [INFO] PluginManager:213 - loadIPPluginJar : add ucpd
2024-09-19 13:52:18,211 [INFO] IPUIPlugin:74 - create IPUIPlugin
2024-09-19 13:52:18,211 [INFO] PluginManager:213 - loadIPPluginJar : add usart
2024-09-19 13:52:18,217 [INFO] IPUIPlugin:74 - create IPUIPlugin
2024-09-19 13:52:18,217 [INFO] PluginManager:213 - loadIPPluginJar : add usbx
2024-09-19 13:52:18,806 [FATAL] Updater:294 - Updater called before beeing initialized
2024-09-19 13:52:19,054 [FATAL] Updater:294 - Updater called before beeing initialized
2024-09-19 13:52:19,064 [INFO] DbMcusAds:47 - JSON generation date=Mon Sep 16 21:40:22 ICT 2024 (1726497622318)
2024-09-19 13:52:19,064 [FATAL] Updater:294 - Updater called before beeing initialized
2024-09-19 13:52:19,154 [WARN] DetailPanel:314 - Failed to get advertising image, set to default
2024-09-19 13:52:19,420 [FATAL] Updater:294 - Updater called before beeing initialized
2024-09-19 13:52:19,424 [FATAL] Updater:294 - Updater called before beeing initialized
2024-09-19 13:52:19,424 [FATAL] Updater:294 - Updater called before beeing initialized
2024-09-19 13:52:19,424 [WARN] DetailPanel:314 - Failed to get advertising image, set to default
2024-09-19 13:52:19,428 [FATAL] Updater:294 - Updater called before beeing initialized
2024-09-19 13:52:19,554 [ERROR] Updater:1075 - MainUpdater not yet initialized. External WinMGr cannot be set.
2024-09-19 13:52:19,560 [INFO] Updater:1012 - Updater Version found : 6.3.0
2024-09-19 13:52:19,599 [INFO] ApplicationProperties:181 - Using Application install path: C:\ST\STM32CubeIDE_1.7.0\STM32CubeIDE\plugins\com.st.stm32cube.common.mx_6.3.0.202107141111
2024-09-19 13:52:19,809 [INFO] ThirdPartyUpdaterWithRetryManager:66 - Updater plugin not ready yet. [2/15]
2024-09-19 13:52:19,865 [INFO] MainUpdater:2671 - connection check result : 10
2024-09-19 13:52:19,866 [INFO] MainUpdater:265 - Updater Check For Update Now.
2024-09-19 13:52:19,867 [INFO] MicroXplorer:478 - Change Database Version : DB.6.0.30
2024-09-19 13:52:20,131 [INFO] CheckServerUpdateThread:112 - End of CheckServer Thread
2024-09-19 13:52:20,206 [INFO] MainUpdater:2671 - connection check result : 10
2024-09-19 13:52:20,671 [INFO] McuFinderGlobals:52 - Set McuFinderConnectedMode to false
2024-09-19 13:52:20,898 [INFO] CrossSelectorPresenter:1330 - Cross Selector saved comparison directory: C:\Users\phaml\.stmcufinder\plugins\mcufinder\mcu\cs_comparisons_mx
2024-09-19 13:52:20,909 [INFO] MultiScanPanel:197 - Auto-refresh data requested => check proxy status ongoing
2024-09-19 13:52:20,910 [INFO] MultiScanPanel:201 - Proxy status is invalid
2024-09-19 13:52:20,916 [INFO] FinderPluginLoader:87 - Searching for filters in installed packs
2024-09-19 13:52:20,918 [INFO] DbMcusXml:100 - Load MCU database from C:\ST\STM32CubeIDE_1.7.0\STM32CubeIDE\plugins\com.st.stm32cube.common.mx_6.3.0.202107141111\\db\/mcu/families.xml
2024-09-19 13:52:23,290 [INFO] DbMcusJson:93 - JSON generation date=Tue Nov 16 23:17:54 ICT 2021 (1637079474)
2024-09-19 13:52:23,379 [ERROR] Engine:463 - C:\Users\phaml\.stm32cubemx\thirdparties\pdsc\STMicroelectronics.FP-SNS-MOTENVWB1.1.4.0.pdsc: PDSC version is not supported
2024-09-19 13:52:23,389 [ERROR] Engine:463 - C:\Users\phaml\.stm32cubemx\thirdparties\pdsc\STMicroelectronics.X-CUBE-SMBUS.2.1.0.pdsc: PDSC version is not supported
2024-09-19 13:52:23,622 [WARN] PackLoader:238 - Cannot read IP mode file for STMicroelectronics.X-CUBE-AZRTOS-F7.1.1.0
2024-09-19 13:52:23,656 [WARN] PackLoader:238 - Cannot read IP mode file for STMicroelectronics.X-CUBE-BLE1.6.2.3
2024-09-19 13:52:23,810 [WARN] PackLoader:238 - Cannot read IP mode file for STMicroelectronics.X-CUBE-MEMS1.11.0.0
2024-09-19 13:52:24,449 [ERROR] Engine:463 - C:\Users\phaml\.stm32cubemx\thirdparties\pdsc\STMicroelectronics.FP-SNS-FLIGHT1.5.0.2.pdsc: PDSC version is not supported
2024-09-19 13:52:24,456 [ERROR] Engine:463 - C:\Users\phaml\.stm32cubemx\thirdparties\pdsc\STMicroelectronics.X-CUBE-DISPLAY.3.0.0.pdsc: PDSC version is not supported
2024-09-19 13:52:24,464 [WARN] PackLoader:238 - Cannot read IP mode file for STMicroelectronics.X-CUBE-BLE1.7.0.0
2024-09-19 13:52:24,580 [WARN] PackLoader:238 - Cannot read IP mode file for STMicroelectronics.X-CUBE-MEMS1.9.3.0
2024-09-19 13:52:25,181 [ERROR] Engine:463 - C:\Users\phaml\.stm32cubemx\thirdparties\pdsc\STMicroelectronics.X-CUBE-BLEMGR.3.1.0.pdsc: PDSC version is not supported
2024-09-19 13:52:25,186 [ERROR] Engine:463 - C:\Users\phaml\.stm32cubemx\thirdparties\pdsc\STMicroelectronics.FP-SNS-SMARTAG2.1.2.0.pdsc: PDSC version is not supported
2024-09-19 13:52:25,210 [INFO] LogOutputStream:76 - [STDOUT_REDIRECT] 1 : Invalid condition id : UX_CORESTACK_Condition cause : null
2024-09-19 13:52:25,213 [INFO] LogOutputStream:76 - [STDOUT_REDIRECT] 1 : Invalid condition id : UX_CORESTACK_Condition cause : null
2024-09-19 13:52:25,216 [INFO] LogOutputStream:76 - [STDOUT_REDIRECT] 1 : Invalid condition id : UX_CORESTACK_Condition cause : null
2024-09-19 13:52:25,219 [INFO] LogOutputStream:76 - [STDOUT_REDIRECT] 1 : Invalid condition id : UX_CORESTACK_Condition cause : null
2024-09-19 13:52:25,221 [INFO] LogOutputStream:76 - [STDOUT_REDIRECT] 1 : Invalid condition id : UX_CORESTACK_Condition cause : null
2024-09-19 13:52:25,230 [WARN] PackLoader:238 - Cannot read IP mode file for STMicroelectronics.X-CUBE-AZRTOS-WL.2.0.0
2024-09-19 13:52:25,238 [ERROR] Engine:463 - C:\Users\phaml\.stm32cubemx\thirdparties\pdsc\STMicroelectronics.FP-SNS-MOTENV1.5.0.0.pdsc: PDSC version is not supported
2024-09-19 13:52:25,246 [WARN] PackLoader:238 - Cannot read IP mode file for wolfSSL.I-CUBE-wolfMQTT.1.19.0
2024-09-19 13:52:25,262 [WARN] PackLoader:238 - Cannot read IP mode file for WES.I-CUBE-Cesium.1.3.0
2024-09-19 13:52:25,272 [WARN] PackLoader:238 - Cannot read IP mode file for STMicroelectronics.X-CUBE-BLE2.3.3.0
2024-09-19 13:52:25,288 [WARN] PackLoader:238 - Cannot read IP mode file for STMicroelectronics.X-CUBE-DISPLAY.2.2.0
2024-09-19 13:52:25,329 [WARN] PackLoader:238 - Cannot read IP mode file for STMicroelectronics.X-CUBE-TOF1.3.2.0
2024-09-19 13:52:25,390 [INFO] DbMcus:175 - Found 1951 MCUs (1903 are supported by CubeMX, 1914 are visible in CubeMX)
2024-09-19 13:52:25,391 [INFO] ApiDb:251 - Load user favorites file C:\Users\phaml/.stm32cubeide/favorites.mcus.txt: 0 item(s)
2024-09-19 13:52:25,392 [INFO] ApiDb:255 - User favorites MCUs=[]
2024-09-19 13:52:25,392 [INFO] DbMcus:187 - Set 0 / 0 favorites MCUs
2024-09-19 13:52:25,399 [WARN] PackLoader:238 - Cannot read IP mode file for STMicroelectronics.X-CUBE-AZRTOS-H7.2.1.0
2024-09-19 13:52:25,415 [ERROR] Engine:463 - C:\Users\phaml\.stm32cubemx\thirdparties\pdsc\STMicroelectronics.X-CUBE-TCPP.4.1.0.pdsc: PDSC version is not supported
2024-09-19 13:52:25,423 [WARN] PackLoader:238 - Cannot read IP mode file for STMicroelectronics.X-CUBE-AI.7.3.0
2024-09-19 13:52:25,437 [WARN] PackLoader:238 - Cannot read IP mode file for STMicroelectronics.X-CUBE-ALGOBUILD.1.3.0
2024-09-19 13:52:25,484 [WARN] PackLoader:238 - Cannot read IP mode file for STMicroelectronics.X-CUBE-AZRTOS-G0.1.1.0
2024-09-19 13:52:25,504 [WARN] PackLoader:238 - Cannot read IP mode file for STMicroelectronics.X-CUBE-SAFEA1.1.2.2
2024-09-19 13:52:25,519 [WARN] PackLoader:238 - Cannot read IP mode file for STMicroelectronics.X-CUBE-NFC4.3.0.0
2024-09-19 13:52:25,643 [WARN] PackLoader:238 - Cannot read IP mode file for SEGGER.I-CUBE-embOS.1.2.1
2024-09-19 13:52:25,748 [ERROR] Engine:463 - C:\Users\phaml\.stm32cubemx\thirdparties\pdsc\EmbeddedOffice.I-CUBE-FS-RTOS.1.0.1.pdsc: PDSC version is not supported
2024-09-19 13:52:25,753 [ERROR] Engine:463 - C:\Users\phaml\.stm32cubemx\thirdparties\pdsc\RealThread.X-CUBE-RT-Thread_Nano.4.1.1.pdsc: PDSC version is not supported
2024-09-19 13:52:25,762 [WARN] PackLoader:238 - Cannot read IP mode file for STMicroelectronics.FP-ATR-SIGFOX1.3.2.0
2024-09-19 13:52:25,776 [WARN] PackLoader:238 - Cannot read IP mode file for STMicroelectronics.X-CUBE-EEPRMA1.5.1.0
2024-09-19 13:52:25,790 [WARN] PackLoader:238 - Cannot read IP mode file for STMicroelectronics.X-CUBE-TOUCHGFX.4.20.0
2024-09-19 13:52:25,798 [ERROR] Engine:463 - C:\Users\phaml\.stm32cubemx\thirdparties\pdsc\ITTIA_DB.I-CUBE-ITTIADB.8.9.0.pdsc: PDSC version is not supported
2024-09-19 13:52:25,897 [WARN] PackLoader:238 - Cannot read IP mode file for SEGGER.I-CUBE-embOS.1.3.1
2024-09-19 13:52:26,108 [WARN] PackLoader:238 - Cannot read IP mode file for STMicroelectronics.X-CUBE-ALGOBUILD.1.4.0
2024-09-19 13:52:26,123 [WARN] PackLoader:238 - Cannot read IP mode file for STMicroelectronics.X-CUBE-GNSS1.6.0.0
2024-09-19 13:52:26,178 [WARN] PackLoader:238 - Cannot read IP mode file for STMicroelectronics.X-CUBE-AZRTOS-F4.1.1.0
2024-09-19 13:52:26,196 [WARN] PackLoader:238 - Cannot read IP mode file for STMicroelectronics.X-CUBE-ISPU.2.1.0
2024-09-19 13:52:26,202 [ERROR] Engine:463 - C:\Users\phaml\.stm32cubemx\thirdparties\pdsc\STMicroelectronics.X-CUBE-FREERTOS.1.2.0.pdsc: PDSC version is not supported
2024-09-19 13:52:26,224 [WARN] PackLoader:238 - Cannot read IP mode file for STMicroelectronics.X-CUBE-BLEMGR.1.2.0
2024-09-19 13:52:26,279 [WARN] PackLoader:238 - Cannot read IP mode file for STMicroelectronics.X-CUBE-AZRTOS-L5.2.0.0
2024-09-19 13:52:26,309 [WARN] PackLoader:238 - Cannot read IP mode file for STMicroelectronics.X-CUBE-NFC6.3.1.0
2024-09-19 13:52:26,330 [WARN] PackLoader:238 - Cannot read IP mode file for emotas.I-CUBE-CANOPEN.1.1.3
2024-09-19 13:52:26,337 [ERROR] Engine:463 - C:\Users\phaml\.stm32cubemx\thirdparties\pdsc\STMicroelectronics.X-CUBE-DPower.1.2.0.pdsc: PDSC version is not supported
2024-09-19 13:52:26,347 [WARN] PackLoader:238 - Cannot read IP mode file for STMicroelectronics.X-CUBE-NFC4.2.0.5
2024-09-19 13:52:26,374 [WARN] PackLoader:238 - Cannot read IP mode file for STMicroelectronics.X-CUBE-AI.9.0.0
2024-09-19 13:52:26,383 [WARN] PackLoader:238 - Cannot read IP mode file for wolfSSL.I-CUBE-wolfSSL.5.5.3
2024-09-19 13:52:26,394 [WARN] PackLoader:238 - Cannot read IP mode file for STMicroelectronics.X-CUBE-NFC7.1.0.1
2024-09-19 13:52:26,406 [WARN] PackLoader:238 - Cannot read IP mode file for STMicroelectronics.X-CUBE-NFC7.1.0.0
2024-09-19 13:52:26,478 [WARN] ConditionMgr:437 - getConditionDescription Invalid condition id : LAN8742 Phy interface Condition cause : null
2024-09-19 13:52:26,479 [WARN] PackLoader:238 - Cannot read IP mode file for STMicroelectronics.X-CUBE-AZRTOS-L4.2.0.0
2024-09-19 13:52:26,483 [WARN] ConditionMgr:1038 - genDependencies : Invalid condition id : LAN8742 Phy interface Condition cause : null
2024-09-19 13:52:26,484 [WARN] ConditionMgr:1038 - genDependencies : Invalid condition id : LAN8742 Phy interface Condition cause : null
2024-09-19 13:52:26,486 [WARN] ConditionMgr:1038 - genDependencies : Invalid condition id : LAN8742 Phy interface Condition cause : null
2024-09-19 13:52:26,518 [WARN] PackLoader:238 - Cannot read IP mode file for STMicroelectronics.X-CUBE-SFXS2LP1.4.0.0
2024-09-19 13:52:26,529 [WARN] PackLoader:238 - Cannot read IP mode file for STMicroelectronics.X-CUBE-ISPU.1.1.0
2024-09-19 13:52:26,619 [WARN] PackLoader:238 - Cannot read IP mode file for STMicroelectronics.X-CUBE-AZRTOS-H7.3.3.0
2024-09-19 13:52:26,656 [WARN] PackLoader:238 - Cannot read IP mode file for RoweBots.I-CUBE-UNISONRTOS.5.5.0-4
2024-09-19 13:52:26,727 [WARN] ConditionMgr:437 - getConditionDescription Invalid condition id : UX DEVICE CLASS RTOS Condition cause : null
2024-09-19 13:52:26,728 [WARN] ConditionMgr:437 - getConditionDescription Invalid condition id : UX DEVICE CLASS RTOS Condition cause : null
2024-09-19 13:52:26,736 [WARN] PackLoader:238 - Cannot read IP mode file for STMicroelectronics.X-CUBE-AZRTOS-WB.2.0.0
2024-09-19 13:52:26,739 [WARN] ConditionMgr:1038 - genDependencies : Invalid condition id : UX DEVICE CLASS RTOS Condition cause : null
2024-09-19 13:52:26,739 [WARN] ConditionMgr:1038 - genDependencies : Invalid condition id : UX DEVICE CLASS RTOS Condition cause : null
2024-09-19 13:52:26,741 [WARN] ConditionMgr:1038 - genDependencies : Invalid condition id : UX DEVICE CLASS RTOS Condition cause : null
2024-09-19 13:52:26,742 [WARN] ConditionMgr:1038 - genDependencies : Invalid condition id : UX DEVICE CLASS RTOS Condition cause : null
2024-09-19 13:52:26,742 [WARN] ConditionMgr:1038 - genDependencies : Invalid condition id : UX DEVICE CLASS RTOS Condition cause : null
2024-09-19 13:52:26,759 [WARN] PackLoader:238 - Cannot read IP mode file for STMicroelectronics.X-CUBE-GNSS1.7.0.0
2024-09-19 13:52:26,770 [ERROR] Engine:463 - C:\Users\phaml\.stm32cubemx\thirdparties\pdsc\STMicroelectronics.FP-SNS-STBOX1.2.0.0.pdsc: PDSC version is not supported
2024-09-19 13:52:26,800 [WARN] PackLoader:238 - Cannot read IP mode file for STMicroelectronics.X-CUBE-SUBG2.5.0.0
2024-09-19 13:52:26,822 [ERROR] Engine:463 - C:\Users\phaml\.stm32cubemx\thirdparties\pdsc\Cesanta.I-CUBE-Mongoose.7.13.0.pdsc: PDSC version is not supported
2024-09-19 13:52:26,865 [WARN] PackLoader:238 - Cannot read IP mode file for STMicroelectronics.X-CUBE-AZRTOS-G4.2.0.0
2024-09-19 13:52:26,880 [WARN] PackLoader:238 - Cannot read IP mode file for STMicroelectronics.FP-ATR-ASTRA1.1.1.1
2024-09-19 13:52:26,919 [WARN] PackLoader:238 - Cannot read IP mode file for STMicroelectronics.X-CUBE-AZRTOS-G4.1.0.0
2024-09-19 13:52:26,933 [INFO] DetailPanel:309 - Set advertising image to C:/Users/phaml/STM32Cube/Repository/\en.prom-stm32c071-usb-memories-mcu-finder.png
2024-09-19 13:52:26,970 [WARN] PackLoader:238 - Cannot read IP mode file for STMicroelectronics.X-CUBE-AZRTOS-L4.1.0.0
2024-09-19 13:52:26,981 [ERROR] Engine:463 - C:\Users\phaml\.stm32cubemx\thirdparties\pdsc\STMicroelectronics.X-CUBE-ALS.1.0.2.pdsc: PDSC version is not supported
2024-09-19 13:52:26,986 [WARN] PackLoader:238 - Cannot read IP mode file for STMicroelectronics.X-CUBE-TOUCHGFX.4.24.0
2024-09-19 13:52:27,018 [WARN] PackLoader:238 - Cannot read IP mode file for STMicroelectronics.X-CUBE-AZRTOS-WL.1.0.0
2024-09-19 13:52:27,034 [WARN] PackLoader:238 - Cannot read IP mode file for wolfSSL.I-CUBE-wolfTPM.3.4.0
2024-09-19 13:52:27,062 [WARN] PackLoader:238 - Cannot read IP mode file for portGmbH.I-Cube-SoM-uGOAL.1.1.0
2024-09-19 13:52:27,071 [WARN] PackLoader:238 - Cannot read IP mode file for STMicroelectronics.X-CUBE-ALS.1.0.1
2024-09-19 13:52:27,115 [WARN] PackLoader:238 - Cannot read IP mode file for STMicroelectronics.X-CUBE-AZRTOS-L5.1.0.0
2024-09-19 13:52:27,129 [WARN] PackLoader:238 - Cannot read IP mode file for STMicroelectronics.X-CUBE-EEPRMA1.3.1.1
2024-09-19 13:52:27,181 [WARN] PackLoader:238 - Cannot read IP mode file for STMicroelectronics.X-CUBE-AZRTOS-H7RS.1.0.0
2024-09-19 13:52:27,194 [WARN] PackLoader:238 - Cannot read IP mode file for STMicroelectronics.FP-ATR-ASTRA1.2.0.0
2024-09-19 13:52:27,209 [ERROR] Engine:463 - C:\Users\phaml\.stm32cubemx\thirdparties\pdsc\STMicroelectronics.X-CUBE-TOF1.3.4.2.pdsc: PDSC version is not supported
2024-09-19 13:52:27,225 [ERROR] Engine:463 - C:\Users\phaml\.stm32cubemx\thirdparties\pdsc\Infineon.AIROC-Wi-Fi-Bluetooth-STM32.1.6.1.pdsc: PDSC version is not supported
2024-09-19 13:52:27,232 [WARN] PackLoader:238 - Cannot read IP mode file for wolfSSL.I-CUBE-wolfSSH.1.4.17
2024-09-19 13:52:27,233 [INFO] ThirdParty:915 - Integrity check success = true
2024-09-19 13:52:27,233 [INFO] IntegrityCheckThread:94 - exiting critical section [integrity check]
2024-09-19 13:52:27,234 [INFO] IntegrityCheckThread:97 - End integrity checks thread
2024-09-19 13:52:28,235 [INFO] DbBoardsPdsc:90 - Found 25 items
2024-09-19 13:52:28,240 [INFO] DbBoardsPdsc:90 - Found 9 items
2024-09-19 13:52:28,250 [INFO] DbBoardsPdsc:90 - Found 33 items
2024-09-19 13:52:28,252 [INFO] DbBoardsPdsc:90 - Found 1 items
2024-09-19 13:52:28,270 [INFO] DbBoardsPdsc:90 - Found 48 items
2024-09-19 13:52:28,290 [INFO] DbBoardsPdsc:90 - Found 43 items
2024-09-19 13:52:28,293 [INFO] DbBoardsPdsc:90 - Found 2 items
2024-09-19 13:52:28,297 [INFO] DbBoardsPdsc:90 - Found 5 items
2024-09-19 13:52:28,310 [WARN] DbBoardsPdsc:254 - Board STM32H7B3I-DK: unknown feature type=Audio, name=, username=Audio stereo codec with Headphone Amp (CS42L51-CNZ), n=1
2024-09-19 13:52:28,311 [WARN] DbBoardsPdsc:254 - Board STM32H735G-DK: unknown feature type=Audio, name=, username=Audio stereo codec with Headphone Amp (WM8994ECS/R), n=1
2024-09-19 13:52:28,316 [WARN] DbBoardsPdsc:254 - Board STM32H7B3I-EVAL: unknown feature type=Audio, name=, username=Multi-Channel Audio Codec (CS42L51-CNZ), n=1
2024-09-19 13:52:28,317 [WARN] DbBoardsPdsc:254 - Board STM32H7B3I-EVAL: unknown feature type=Meter, name=, username=Power-metering and Temperature-monitoring with sigma-delta modulators, n=1
2024-09-19 13:52:28,317 [WARN] DbBoardsPdsc:254 - Board STM32H7B3I-EVAL: unknown feature type=Motor, name=, username=Motor Control, n=1
2024-09-19 13:52:28,319 [WARN] DbBoardsPdsc:254 - Board STM32U575I-EV: unknown feature type=joystick, name=, username=4-direction joystick with selection button, n=1
2024-09-19 13:52:28,410 [INFO] DbBoardsJson:86 - JSON generation date=Tue Nov 16 23:17:54 ICT 2021 (1637079474)
2024-09-19 13:52:28,426 [INFO] DbBoards:117 - Found 167 boards (163 are supported by CubeMX)
2024-09-19 13:52:28,432 [INFO] DbBoardsDocs:143 - JSON generation date=Tue Nov 16 23:17:54 ICT 2021 (1637079474)
2024-09-19 13:52:28,444 [INFO] DbBoardsDocs:79 - Found 209 boards documents
2024-09-19 13:52:28,445 [WARN] DbBoards:127 - board B-L475E-IOT01A2 has no document id list !
2024-09-19 13:52:28,448 [WARN] DbBoards:127 - board NUCLEO-H743ZI has no document id list !
2024-09-19 13:52:28,452 [WARN] DbBoards:127 - board NUCLEO-WL55JC2 has no document id list !
2024-09-19 13:52:28,453 [WARN] DbBoards:127 - board P-NUCLEO-WB55-Nucleo has no document id list !
2024-09-19 13:52:28,453 [WARN] DbBoards:127 - board P-NUCLEO-WB55-USBDongle has no document id list !
2024-09-19 13:52:28,453 [WARN] DbBoards:127 - board STEVAL-BFA001V1B has no document id list !
2024-09-19 13:52:28,454 [WARN] DbBoards:127 - board STEVAL-BFA001V2B has no document id list !
2024-09-19 13:52:28,454 [WARN] DbBoards:127 - board STEVAL-IDP005V1 has no document id list !
2024-09-19 13:52:28,454 [WARN] DbBoards:127 - board STEVAL-IDP005V2 has no document id list !
2024-09-19 13:52:28,455 [WARN] DbBoards:127 - board STEVAL-MKSBOX1V1 has no document id list !
2024-09-19 13:52:28,455 [WARN] DbBoards:127 - board STEVAL-STWINKT1 has no document id list !
2024-09-19 13:52:28,455 [WARN] DbBoards:127 - board STEVAL-STWINKT1B has no document id list !
2024-09-19 13:52:28,456 [WARN] DbBoards:127 - board STM32439I-EVAL2 has no document id list !
2024-09-19 13:52:28,458 [WARN] DbBoards:127 - board STM32F401C-DISCO has no document id list !
2024-09-19 13:52:28,460 [WARN] DbBoards:127 - board STM32F769I-DISC1 has no document id list !
2024-09-19 13:52:28,462 [WARN] DbBoards:127 - board STM32G474E-EVAL1 has no document id list !
2024-09-19 13:52:28,463 [WARN] DbBoards:127 - board STM32H743I-EVAL2 has no document id list !
2024-09-19 13:52:28,463 [WARN] DbBoards:127 - board STM32H747I-DISC1 has no document id list !
2024-09-19 13:52:28,465 [WARN] DbBoards:127 - board STM32H753I-EVAL2 has no document id list !
2024-09-19 13:52:28,466 [WARN] DbBoards:127 - board STM32L-DISCOVERY has no document id list !
2024-09-19 13:52:28,860 [ERROR] DbBoards:189 - Image file not found for board B-U585I-IOT02A: C:\ST\STM32CubeIDE_1.7.0\STM32CubeIDE\plugins\com.st.stm32cube.common.mx_6.3.0.202107141111\\db\/plugins/mcufinder/images/boards/B-U585I-IOT02A_small.jpg
2024-09-19 13:52:29,165 [ERROR] DbBoards:189 - Image file not found for board NUCLEO-F413ZH: C:\ST\STM32CubeIDE_1.7.0\STM32CubeIDE\plugins\com.st.stm32cube.common.mx_6.3.0.202107141111\\db\/plugins/mcufinder/images/boards/nucleo-f413zh_small.jpg
2024-09-19 13:52:29,740 [ERROR] DbBoards:189 - Image file not found for board NUCLEO-L552ZE-Q: C:\ST\STM32CubeIDE_1.7.0\STM32CubeIDE\plugins\com.st.stm32cube.common.mx_6.3.0.202107141111\\db\/plugins/mcufinder/images/boards/nucleo_l552ze_q_small.jpg
2024-09-19 13:52:29,741 [ERROR] DbBoards:189 - Image file not found for board NUCLEO-U575ZI-Q: C:\ST\STM32CubeIDE_1.7.0\STM32CubeIDE\plugins\com.st.stm32cube.common.mx_6.3.0.202107141111\\db\/plugins/mcufinder/images/boards/nucleo-u575zi-q_small.jpg
2024-09-19 13:52:29,741 [ERROR] DbBoards:189 - Image file not found for board NUCLEO-WB15CC: C:\ST\STM32CubeIDE_1.7.0\STM32CubeIDE\plugins\com.st.stm32cube.common.mx_6.3.0.202107141111\\db\/plugins/mcufinder/images/boards/nucleo-wb15cc_small.jpg
2024-09-19 13:52:29,742 [ERROR] DbBoards:189 - Image file not found for board NUCLEO-WB55RG: C:\ST\STM32CubeIDE_1.7.0\STM32CubeIDE\plugins\com.st.stm32cube.common.mx_6.3.0.202107141111\\db\/plugins/mcufinder/images/boards/nucleo-wb55rg_small.jpg
2024-09-19 13:52:33,039 [INFO] ApiDb:251 - Load user favorites file C:\Users\phaml/.stm32cubeide/favorites.boards.txt: 0 item(s)
2024-09-19 13:52:33,039 [INFO] ApiDb:255 - User favorites Boards=[]
2024-09-19 13:52:33,040 [INFO] DbBoards:206 - Set 0 / 0 favorites Boards
2024-09-19 13:53:50,425 [INFO] DbMcusDocs:143 - JSON generation date=Tue Nov 16 23:17:54 ICT 2021 (1637079474)
2024-09-19 13:53:51,278 [INFO] DbMcusDocs:79 - Found 682 MCUs documents
2024-09-19 13:54:05,155 [INFO] MainUpdater:2671 - connection check result : 10
2024-09-19 13:54:05,156 [INFO] MainUpdater:2671 - connection check result : 10
2024-09-19 13:54:05,276 [INFO] MicroXplorer:448 - Change Database Path : 
2024-09-19 13:54:05,276 [INFO] MicroXplorer:478 - Change Database Version : DB.6.0.30
2024-09-19 13:54:05,278 [WARN] ThirdParty:813 - waiting for thirdparty lock release [close project]
2024-09-19 13:54:05,278 [INFO] ThirdParty:815 - entering critical section [close project]
2024-09-19 13:54:05,280 [INFO] ThirdParty:825 - exiting critical section [close project]
2024-09-19 13:54:05,293 [INFO] PinOutPanel:1463 - setPackage(No Configuration,No Configuration)
2024-09-19 13:54:05,295 [INFO] UtilMem:74 - Begin LoadConfig() Used Memory: 590562504 Bytes (608174080)
2024-09-19 13:54:05,299 [INFO] MicroXplorer:448 - Change Database Path : 
2024-09-19 13:54:05,299 [INFO] MicroXplorer:478 - Change Database Version : DB.6.0.30
2024-09-19 13:54:05,300 [INFO] OpenFileManager:313 - Change cursor
2024-09-19 13:54:07,439 [INFO] Context:592 - Trying to add GPIOservice into a context  which must be forbidden
2024-09-19 13:54:07,968 [INFO] ImportTextPane:167 - (OptionalMessage_ERROR) Unable to find key (Mcu.ThirdPartyNb) in loaded IOC file
2024-09-19 13:54:07,969 [INFO] ImportTextPane:167 - (OptionalMessage_ERROR) Unable to find key (Mcu.PinsNb) in loaded IOC file
2024-09-19 13:54:07,969 [INFO] ImportTextPane:167 - (OptionalMessage_ERROR) Unable to find key (Mcu.IPNb) in loaded IOC file
2024-09-19 13:54:08,088 [WARN] ApiManager:304 - Cannot register API 'Board Extension:GNSS1A1' from pack STMicroelectronics.X-CUBE-GNSS1.6.0.0: no header file found
2024-09-19 13:54:08,088 [WARN] ApiManager:304 - Cannot register API 'Board Support:Custom' from pack STMicroelectronics.X-CUBE-GNSS1.6.0.0: no header file found
2024-09-19 13:54:08,089 [WARN] ApiManager:304 - Cannot register API 'Data Exchange:lib_gnss' from pack STMicroelectronics.X-CUBE-GNSS1.6.0.0: no header file found
2024-09-19 13:54:08,128 [WARN] ApiManager:304 - Cannot register API 'Board Extension:GNSS1A1' from pack STMicroelectronics.X-CUBE-GNSS1.7.0.0: no header file found
2024-09-19 13:54:08,128 [WARN] ApiManager:304 - Cannot register API 'Board Support:Custom' from pack STMicroelectronics.X-CUBE-GNSS1.7.0.0: no header file found
2024-09-19 13:54:08,129 [WARN] ApiManager:304 - Cannot register API 'Data Exchange:lib_gnss' from pack STMicroelectronics.X-CUBE-GNSS1.7.0.0: no header file found
2024-09-19 13:54:08,150 [WARN] ApiManager:304 - Cannot register API 'Board Extension:NFC06A1' from pack STMicroelectronics.X-CUBE-NFC6.3.1.0: no header file found
2024-09-19 13:54:08,151 [WARN] ApiManager:304 - Cannot register API 'Board Extension:NFC08A1' from pack STMicroelectronics.X-CUBE-NFC6.3.1.0: no header file found
2024-09-19 13:54:08,153 [WARN] ApiManager:304 - Cannot register API 'Wireless:BlueNRG-MS' from pack STMicroelectronics.X-CUBE-BLE1.6.2.3: no header file found
2024-09-19 13:54:08,865 [WARN] ApiManager:304 - Cannot register API 'Board Extension:IKS01A3' from pack STMicroelectronics.X-CUBE-MEMS1.11.0.0: no header file found
2024-09-19 13:54:08,866 [WARN] ApiManager:304 - Cannot register API 'Board Extension:IKS02A1' from pack STMicroelectronics.X-CUBE-MEMS1.11.0.0: no header file found
2024-09-19 13:54:08,866 [WARN] ApiManager:304 - Cannot register API 'Board Extension:IKS4A1' from pack STMicroelectronics.X-CUBE-MEMS1.11.0.0: no header file found
2024-09-19 13:54:08,889 [INFO] RtosManager:484 - Registered RTOS mode: class=CMSIS, group=RTOS, mode=CMSIS_V1, owner=FREERTOS
2024-09-19 13:54:08,890 [INFO] RtosManager:484 - Registered RTOS mode: class=CMSIS, group=RTOS2, mode=CMSIS_V2, owner=FREERTOS
2024-09-19 13:54:08,890 [INFO] RtosManager:484 - Registered RTOS mode: class=RTOS, group=Core, mode=CMSIS_V1, owner=FREERTOS
2024-09-19 13:54:08,891 [INFO] RtosManager:484 - Registered RTOS mode: class=RTOS, group=Core, mode=CMSIS_V2, owner=FREERTOS
2024-09-19 13:54:08,891 [WARN] ModelIntegratedComponent:181 - Missing modes for component STMicroelectronics:FreeRTOS:0.0.1:STMicroelectronics:RTOS:FreeRTOS:Core:::10.2.0:
2024-09-19 13:54:08,900 [WARN] ApiManager:304 - Cannot register API 'Board Extension:STSAFEA1' from pack STMicroelectronics.X-CUBE-SAFEA1.1.2.2: no header file found
2024-09-19 13:54:08,900 [WARN] ApiManager:304 - Cannot register API 'Board Part:STSAFEA110' from pack STMicroelectronics.X-CUBE-SAFEA1.1.2.2: no header file found
2024-09-19 13:54:08,900 [WARN] ApiManager:304 - Cannot register API 'Security:ST_Cryptolib' from pack STMicroelectronics.X-CUBE-SAFEA1.1.2.2: no header file found
2024-09-19 13:54:08,901 [WARN] ApiManager:304 - Cannot register API 'Security:MbedTLS' from pack STMicroelectronics.X-CUBE-SAFEA1.1.2.2: no header file found
2024-09-19 13:54:08,903 [WARN] ApiManager:304 - Cannot register API 'Board Extension:NFC04A1' from pack STMicroelectronics.X-CUBE-NFC4.3.0.0: no header file found
2024-09-19 13:54:08,913 [WARN] ApiManager:304 - Cannot register API 'Board Extension:S2868A1' from pack STMicroelectronics.X-CUBE-SUBG2.5.0.0: no header file found
2024-09-19 13:54:08,913 [WARN] ApiManager:304 - Cannot register API 'Board Extension:S2868A2' from pack STMicroelectronics.X-CUBE-SUBG2.5.0.0: no header file found
2024-09-19 13:54:08,913 [WARN] ApiManager:304 - Cannot register API 'Board Extension:S2915A1' from pack STMicroelectronics.X-CUBE-SUBG2.5.0.0: no header file found
2024-09-19 13:54:08,924 [WARN] ApiManager:304 - Cannot register API 'Board Extension:NFC04A1' from pack STMicroelectronics.X-CUBE-NFC4.2.0.5: no header file found
2024-09-19 13:54:08,930 [WARN] ApiManager:304 - Cannot register API 'Wireless:BlueNRG-MS' from pack STMicroelectronics.X-CUBE-BLE1.7.0.0: no header file found
2024-09-19 13:54:08,939 [WARN] ApiManager:304 - Cannot register API 'Board Extension:EEPRMA2' from pack STMicroelectronics.X-CUBE-EEPRMA1.5.1.0: no header file found
2024-09-19 13:54:08,939 [WARN] ApiManager:304 - Cannot register API 'Board Extension:PGEEZ1' from pack STMicroelectronics.X-CUBE-EEPRMA1.5.1.0: no header file found
2024-09-19 13:54:08,940 [WARN] ApiManager:304 - Cannot register API 'Board Extension:EEICA1' from pack STMicroelectronics.X-CUBE-EEPRMA1.5.1.0: no header file found
2024-09-19 13:54:08,940 [WARN] ApiManager:304 - Cannot register API 'Board Part:M24' from pack STMicroelectronics.X-CUBE-EEPRMA1.5.1.0: no header file found
2024-09-19 13:54:08,940 [WARN] ApiManager:304 - Cannot register API 'Board Part:M95' from pack STMicroelectronics.X-CUBE-EEPRMA1.5.1.0: no header file found
2024-09-19 13:54:08,940 [WARN] ApiManager:304 - Cannot register API 'Board Part:M95P32' from pack STMicroelectronics.X-CUBE-EEPRMA1.5.1.0: no header file found
2024-09-19 13:54:08,940 [WARN] ApiManager:304 - Cannot register API 'Board Part:M24256E-F' from pack STMicroelectronics.X-CUBE-EEPRMA1.5.1.0: no header file found
2024-09-19 13:54:08,941 [WARN] ApiManager:304 - Cannot register API 'Board Part:M24M01E-F' from pack STMicroelectronics.X-CUBE-EEPRMA1.5.1.0: no header file found
2024-09-19 13:54:08,941 [WARN] ApiManager:304 - Cannot register API 'PGEEZ1:SPI' from pack STMicroelectronics.X-CUBE-EEPRMA1.5.1.0: no header file found
2024-09-19 13:54:08,941 [WARN] ApiManager:304 - Cannot register API 'PGEEZ1:QDSPI' from pack STMicroelectronics.X-CUBE-EEPRMA1.5.1.0: no header file found
2024-09-19 13:54:08,945 [WARN] ModelIntegratedComponent:60 - No mode defined for component null
2024-09-19 13:54:08,945 [WARN] ModelIntegratedComponent:60 - No mode defined for component null
2024-09-19 13:54:08,946 [WARN] ModelIntegratedComponent:60 - No mode defined for component null
2024-09-19 13:54:08,946 [WARN] ModelIntegratedComponent:60 - No mode defined for component null
2024-09-19 13:54:08,946 [WARN] ModelIntegratedComponent:60 - No mode defined for component null
2024-09-19 13:54:08,946 [WARN] ModelIntegratedComponent:60 - No mode defined for component null
2024-09-19 13:54:08,947 [WARN] ModelIntegratedComponent:60 - No mode defined for component null
2024-09-19 13:54:08,947 [WARN] ModelIntegratedComponent:60 - No mode defined for component null
2024-09-19 13:54:08,947 [WARN] ModelIntegratedComponent:60 - No mode defined for component null
2024-09-19 13:54:08,947 [WARN] ModelIntegratedComponent:60 - No mode defined for component null
2024-09-19 13:54:08,948 [WARN] ModelIntegratedComponent:60 - No mode defined for component null
2024-09-19 13:54:08,948 [WARN] ModelIntegratedComponent:60 - No mode defined for component null
2024-09-19 13:54:08,948 [WARN] ModelIntegratedComponent:60 - No mode defined for component null
2024-09-19 13:54:08,948 [WARN] ModelIntegratedComponent:60 - No mode defined for component null
2024-09-19 13:54:08,949 [WARN] ModelIntegratedComponent:60 - No mode defined for component null
2024-09-19 13:54:08,949 [WARN] ModelIntegratedComponent:60 - No mode defined for component null
2024-09-19 13:54:08,949 [WARN] ModelIntegratedComponent:60 - No mode defined for component null
2024-09-19 13:54:08,949 [WARN] ModelIntegratedComponent:60 - No mode defined for component null
2024-09-19 13:54:08,950 [WARN] ModelIntegratedComponent:60 - No mode defined for component null
2024-09-19 13:54:08,950 [WARN] ModelIntegratedComponent:60 - No mode defined for component null
2024-09-19 13:54:08,950 [WARN] ModelIntegratedComponent:60 - No mode defined for component null
2024-09-19 13:54:08,950 [WARN] ModelIntegratedComponent:60 - No mode defined for component null
2024-09-19 13:54:08,951 [WARN] ModelIntegratedComponent:60 - No mode defined for component null
2024-09-19 13:54:08,951 [WARN] ModelIntegratedComponent:60 - No mode defined for component null
2024-09-19 13:54:08,951 [WARN] ModelIntegratedComponent:60 - No mode defined for component null
2024-09-19 13:54:08,952 [WARN] ModelIntegratedComponent:60 - No mode defined for component null
2024-09-19 13:54:08,952 [WARN] ModelIntegratedComponent:60 - No mode defined for component null
2024-09-19 13:54:08,952 [WARN] ModelIntegratedComponent:60 - No mode defined for component null
2024-09-19 13:54:08,952 [WARN] ModelIntegratedComponent:60 - No mode defined for component null
2024-09-19 13:54:08,953 [WARN] ModelIntegratedComponent:60 - No mode defined for component null
2024-09-19 13:54:08,953 [WARN] ModelIntegratedComponent:60 - No mode defined for component null
2024-09-19 13:54:08,956 [WARN] ApiManager:304 - Cannot register API 'Board Extension:NFC07A1' from pack STMicroelectronics.X-CUBE-NFC7.1.0.1: no header file found
2024-09-19 13:54:08,958 [WARN] ApiManager:304 - Cannot register API 'Board Extension:NFC07A1' from pack STMicroelectronics.X-CUBE-NFC7.1.0.0: no header file found
2024-09-19 13:54:09,517 [WARN] ApiManager:304 - Cannot register API 'Board Extension:IKS01A3' from pack STMicroelectronics.X-CUBE-MEMS1.9.3.0: no header file found
2024-09-19 13:54:09,518 [WARN] ApiManager:304 - Cannot register API 'Board Extension:IKS01A2' from pack STMicroelectronics.X-CUBE-MEMS1.9.3.0: no header file found
2024-09-19 13:54:09,518 [WARN] ApiManager:304 - Cannot register API 'Board Extension:IKS02A1' from pack STMicroelectronics.X-CUBE-MEMS1.9.3.0: no header file found
2024-09-19 13:54:09,547 [WARN] ApiManager:304 - Cannot register API 'Board Extension:EEPRMA1' from pack STMicroelectronics.X-CUBE-EEPRMA1.3.1.1: no header file found
2024-09-19 13:54:09,547 [WARN] ApiManager:304 - Cannot register API 'Board Extension:EEPRMA2' from pack STMicroelectronics.X-CUBE-EEPRMA1.3.1.1: no header file found
2024-09-19 13:54:09,558 [WARN] ApiManager:304 - Cannot register API 'Board Extension:S2868A1' from pack STMicroelectronics.X-CUBE-SFXS2LP1.4.0.0: no header file found
2024-09-19 13:54:09,558 [WARN] ApiManager:304 - Cannot register API 'Board Extension:S2868A2' from pack STMicroelectronics.X-CUBE-SFXS2LP1.4.0.0: no header file found
2024-09-19 13:54:09,559 [WARN] ApiManager:304 - Cannot register API 'Board Extension:S2915A1' from pack STMicroelectronics.X-CUBE-SFXS2LP1.4.0.0: no header file found
2024-09-19 13:54:09,560 [WARN] ApiManager:304 - Cannot register API 'Wireless:BlueNRG-2' from pack STMicroelectronics.X-CUBE-BLE2.3.3.0: no header file found
2024-09-19 13:54:27,779 [INFO] UtilMem:74 - End LoadConfig() Used Memory: 657560440 Bytes (685768704)
2024-09-19 13:54:27,784 [WARN] ThirdParty:779 - waiting for thirdparty lock release [change project]
2024-09-19 13:54:27,784 [INFO] ThirdParty:781 - entering critical section [change project]
2024-09-19 13:54:27,785 [INFO] ThirdParty:967 - CMSIS Pack Vendor :STMicroelectronics X-CUBE-ISPU 1.1.0
2024-09-19 13:54:27,785 [INFO] ThirdParty:967 - CMSIS Pack Vendor :STMicroelectronics X-CUBE-AZRTOS-H7 3.3.0
2024-09-19 13:54:27,785 [INFO] ThirdParty:967 - CMSIS Pack Vendor :RoweBots I-CUBE-UNISONRTOS 5.5.0-4
2024-09-19 13:54:27,785 [INFO] ThirdParty:967 - CMSIS Pack Vendor :STMicroelectronics X-CUBE-GNSS1 6.0.0
2024-09-19 13:54:27,786 [INFO] ThirdParty:967 - CMSIS Pack Vendor :STMicroelectronics X-CUBE-AZRTOS-H7 2.1.0
2024-09-19 13:54:27,786 [INFO] ThirdParty:967 - CMSIS Pack Vendor :STMicroelectronics USB_HOST 2.0.0
2024-09-19 13:54:27,786 [INFO] ThirdParty:967 - CMSIS Pack Vendor :STMicroelectronics X-CUBE-AZRTOS-F4 1.1.0
2024-09-19 13:54:27,786 [INFO] ThirdParty:967 - CMSIS Pack Vendor :STMicroelectronics USB_DEVICE 3.0.0
2024-09-19 13:54:27,786 [INFO] ThirdParty:967 - CMSIS Pack Vendor :STMicroelectronics X-CUBE-ISPU 2.1.0
2024-09-19 13:54:27,787 [INFO] ThirdParty:967 - CMSIS Pack Vendor :STMicroelectronics X-CUBE-AZRTOS-WB 2.0.0
2024-09-19 13:54:27,787 [INFO] ThirdParty:967 - CMSIS Pack Vendor :STMicroelectronics X-CUBE-GNSS1 7.0.0
2024-09-19 13:54:27,787 [INFO] ThirdParty:967 - CMSIS Pack Vendor :STMicroelectronics X-CUBE-BLEMGR 1.2.0
2024-09-19 13:54:27,787 [INFO] ThirdParty:967 - CMSIS Pack Vendor :STMicroelectronics X-CUBE-AZRTOS-F7 1.1.0
2024-09-19 13:54:27,788 [INFO] ThirdParty:967 - CMSIS Pack Vendor :STMicroelectronics X-CUBE-AZRTOS-L5 2.0.0
2024-09-19 13:54:27,788 [INFO] ThirdParty:967 - CMSIS Pack Vendor :STMicroelectronics USB_DEVICE 2.0.0
2024-09-19 13:54:27,788 [INFO] ThirdParty:967 - CMSIS Pack Vendor :STMicroelectronics X-CUBE-AI 7.3.0
2024-09-19 13:54:27,788 [INFO] ThirdParty:967 - CMSIS Pack Vendor :STMicroelectronics X-CUBE-NFC6 3.1.0
2024-09-19 13:54:27,788 [INFO] ThirdParty:967 - CMSIS Pack Vendor :STMicroelectronics X-CUBE-BLE1 6.2.3
2024-09-19 13:54:27,789 [INFO] ThirdParty:967 - CMSIS Pack Vendor :STMicroelectronics X-CUBE-ALGOBUILD 1.3.0
2024-09-19 13:54:27,789 [INFO] ThirdParty:967 - CMSIS Pack Vendor :STMicroelectronics X-CUBE-MEMS1 11.0.0
2024-09-19 13:54:27,789 [INFO] ThirdParty:967 - CMSIS Pack Vendor :STMicroelectronics FreeRTOS 0.0.1
2024-09-19 13:54:27,789 [INFO] ThirdParty:967 - CMSIS Pack Vendor :STMicroelectronics X-CUBE-AZRTOS-G0 1.1.0
2024-09-19 13:54:27,789 [INFO] ThirdParty:967 - CMSIS Pack Vendor :emotas I-CUBE-CANOPEN 1.1.3
2024-09-19 13:54:27,790 [INFO] ThirdParty:967 - CMSIS Pack Vendor :STMicroelectronics X-CUBE-SAFEA1 1.2.2
2024-09-19 13:54:27,790 [INFO] ThirdParty:967 - CMSIS Pack Vendor :STMicroelectronics X-CUBE-NFC4 3.0.0
2024-09-19 13:54:27,790 [INFO] ThirdParty:967 - CMSIS Pack Vendor :STMicroelectronics X-CUBE-SUBG2 5.0.0
2024-09-19 13:54:27,790 [INFO] ThirdParty:967 - CMSIS Pack Vendor :SEGGER I-CUBE-embOS 1.2.1
2024-09-19 13:54:27,790 [INFO] ThirdParty:967 - CMSIS Pack Vendor :STMicroelectronics lwIP 2.0.3
2024-09-19 13:54:27,790 [INFO] ThirdParty:967 - CMSIS Pack Vendor :STMicroelectronics X-CUBE-NFC4 2.0.5
2024-09-19 13:54:27,791 [INFO] ThirdParty:967 - CMSIS Pack Vendor :STMicroelectronics USB_HOST 1.0.0
2024-09-19 13:54:27,791 [INFO] ThirdParty:967 - CMSIS Pack Vendor :STMicroelectronics X-CUBE-AI 9.0.0
2024-09-19 13:54:27,792 [INFO] ThirdParty:967 - CMSIS Pack Vendor :STMicroelectronics X-CUBE-AZRTOS-G4 2.0.0
2024-09-19 13:54:27,792 [INFO] ThirdParty:967 - CMSIS Pack Vendor :STMicroelectronics PDM2PCM 3.1.0
2024-09-19 13:54:27,792 [INFO] ThirdParty:967 - CMSIS Pack Vendor :STMicroelectronics FP-ATR-ASTRA1 1.1.1
2024-09-19 13:54:27,793 [INFO] ThirdParty:967 - CMSIS Pack Vendor :STMicroelectronics PDM2PCM 3.3.0
2024-09-19 13:54:27,793 [INFO] ThirdParty:967 - CMSIS Pack Vendor :wolfSSL I-CUBE-wolfSSL 5.5.3
2024-09-19 13:54:27,793 [INFO] ThirdParty:967 - CMSIS Pack Vendor :STMicroelectronics X-CUBE-BLE1 7.0.0
2024-09-19 13:54:27,794 [INFO] ThirdParty:967 - CMSIS Pack Vendor :STMicroelectronics FP-ATR-SIGFOX1 3.2.0
2024-09-19 13:54:27,794 [INFO] ThirdParty:967 - CMSIS Pack Vendor :STMicroelectronics X-CUBE-AZRTOS-G4 1.0.0
2024-09-19 13:54:27,794 [INFO] ThirdParty:967 - CMSIS Pack Vendor :STMicroelectronics X-CUBE-AZRTOS-L4 1.0.0
2024-09-19 13:54:27,794 [INFO] ThirdParty:967 - CMSIS Pack Vendor :STMicroelectronics X-CUBE-EEPRMA1 5.1.0
2024-09-19 13:54:27,795 [INFO] ThirdParty:967 - CMSIS Pack Vendor :STMicroelectronics HAL Drivers 0.0.0
2024-09-19 13:54:27,795 [INFO] ThirdParty:967 - CMSIS Pack Vendor :STMicroelectronics MBEDTLS 2.16.2
2024-09-19 13:54:27,795 [INFO] ThirdParty:967 - CMSIS Pack Vendor :STMicroelectronics X-CUBE-TOUCHGFX 4.20.0
2024-09-19 13:54:27,796 [INFO] ThirdParty:967 - CMSIS Pack Vendor :STMicroelectronics X-CUBE-NFC7 1.0.1
2024-09-19 13:54:27,796 [INFO] ThirdParty:967 - CMSIS Pack Vendor :STMicroelectronics MBEDTLS 2.14.1
2024-09-19 13:54:27,796 [INFO] ThirdParty:967 - CMSIS Pack Vendor :STMicroelectronics X-CUBE-NFC7 1.0.0
2024-09-19 13:54:27,797 [INFO] ThirdParty:967 - CMSIS Pack Vendor :STMicroelectronics X-CUBE-TOUCHGFX 4.24.0
2024-09-19 13:54:27,797 [INFO] ThirdParty:967 - CMSIS Pack Vendor :STMicroelectronics X-CUBE-AZRTOS-WL 1.0.0
2024-09-19 13:54:27,797 [INFO] ThirdParty:967 - CMSIS Pack Vendor :wolfSSL I-CUBE-wolfTPM 3.4.0
2024-09-19 13:54:27,797 [INFO] ThirdParty:967 - CMSIS Pack Vendor :STMicroelectronics X-CUBE-MEMS1 9.3.0
2024-09-19 13:54:27,798 [INFO] ThirdParty:967 - CMSIS Pack Vendor :portGmbH I-Cube-SoM-uGOAL 1.1.0
2024-09-19 13:54:27,798 [INFO] ThirdParty:967 - CMSIS Pack Vendor :STMicroelectronics X-CUBE-ALS 1.0.1
2024-09-19 13:54:27,798 [INFO] ThirdParty:967 - CMSIS Pack Vendor :STMicroelectronics X-CUBE-AZRTOS-WL 2.0.0
2024-09-19 13:54:27,799 [INFO] ThirdParty:967 - CMSIS Pack Vendor :SEGGER I-CUBE-embOS 1.3.1
2024-09-19 13:54:27,799 [INFO] ThirdParty:967 - CMSIS Pack Vendor :STMicroelectronics X-CUBE-ALGOBUILD 1.4.0
2024-09-19 13:54:27,799 [INFO] ThirdParty:967 - CMSIS Pack Vendor :STMicroelectronics X-CUBE-AZRTOS-L5 1.0.0
2024-09-19 13:54:27,800 [INFO] ThirdParty:967 - CMSIS Pack Vendor :STMicroelectronics USB_DEVICE 1.0.0
2024-09-19 13:54:27,800 [INFO] ThirdParty:967 - CMSIS Pack Vendor :STMicroelectronics X-CUBE-EEPRMA1 3.1.1
2024-09-19 13:54:27,800 [INFO] ThirdParty:967 - CMSIS Pack Vendor :STMicroelectronics X-CUBE-AZRTOS-H7RS 1.0.0
2024-09-19 13:54:27,801 [INFO] ThirdParty:967 - CMSIS Pack Vendor :wolfSSL I-CUBE-wolfMQTT 1.19.0
2024-09-19 13:54:27,801 [INFO] ThirdParty:967 - CMSIS Pack Vendor :STMicroelectronics X-CUBE-AZRTOS-L4 2.0.0
2024-09-19 13:54:27,801 [INFO] ThirdParty:967 - CMSIS Pack Vendor :STMicroelectronics ThreadX 0.0.2
2024-09-19 13:54:27,801 [INFO] ThirdParty:967 - CMSIS Pack Vendor :WES I-CUBE-Cesium 1.3.0
2024-09-19 13:54:27,802 [INFO] ThirdParty:967 - CMSIS Pack Vendor :STMicroelectronics FP-ATR-ASTRA1 2.0.0
2024-09-19 13:54:27,802 [INFO] ThirdParty:967 - CMSIS Pack Vendor :STMicroelectronics lwIP 2.1.2
2024-09-19 13:54:27,802 [INFO] ThirdParty:967 - CMSIS Pack Vendor :STMicroelectronics X-CUBE-SFXS2LP1 4.0.0
2024-09-19 13:54:27,803 [INFO] ThirdParty:967 - CMSIS Pack Vendor :STMicroelectronics X-CUBE-BLE2 3.3.0
2024-09-19 13:54:27,803 [INFO] ThirdParty:967 - CMSIS Pack Vendor :STMicroelectronics X-CUBE-DISPLAY 2.2.0
2024-09-19 13:54:27,803 [INFO] ThirdParty:967 - CMSIS Pack Vendor :STMicroelectronics X-CUBE-TOF1 3.2.0
2024-09-19 13:54:27,804 [INFO] ThirdParty:967 - CMSIS Pack Vendor :STMicroelectronics PDM2PCM 3.2.0
2024-09-19 13:54:27,804 [INFO] ThirdParty:967 - CMSIS Pack Vendor :wolfSSL I-CUBE-wolfSSH 1.4.17
2024-09-19 13:54:27,805 [INFO] ThirdParty:787 - exiting critical section [change project]
2024-09-19 13:54:28,486 [INFO] PinOutPanel:1463 - setPackage(No Configuration,No Configuration)
2024-09-19 13:54:28,489 [INFO] PinOutPanel:1463 - setPackage(STM32F103C6Ux,UFQFPN48)
2024-09-19 13:54:29,688 [INFO] UtilMem:74 - Before build in PCC Used Memory: 675822448 Bytes (709885952)
2024-09-19 13:54:31,295 [INFO] UtilMem:74 - After build in PCC Used Memory: 688273712 Bytes (715128832)
2024-09-19 13:54:31,369 [INFO] IPUIPlugin:74 - create IPUIPlugin
2024-09-19 13:54:31,370 [INFO] IPUIPlugin:74 - create IPUIPlugin
2024-09-19 13:54:31,370 [INFO] IPUIPlugin:74 - create IPUIPlugin
2024-09-19 13:54:31,371 [INFO] IPUIPlugin:74 - create IPUIPlugin
2024-09-19 13:54:31,371 [INFO] IPUIPlugin:74 - create IPUIPlugin
2024-09-19 13:54:31,371 [INFO] IPUIPlugin:74 - create IPUIPlugin
2024-09-19 13:54:31,372 [INFO] IPUIPlugin:74 - create IPUIPlugin
2024-09-19 13:54:31,372 [INFO] IPUIPlugin:74 - create IPUIPlugin
2024-09-19 13:54:31,373 [INFO] IPUIPlugin:74 - create IPUIPlugin
2024-09-19 13:54:31,373 [INFO] IPUIPlugin:74 - create IPUIPlugin
2024-09-19 13:54:31,374 [INFO] IPUIPlugin:74 - create IPUIPlugin
2024-09-19 13:54:31,376 [INFO] IPUIPlugin:74 - create IPUIPlugin
2024-09-19 13:54:31,376 [INFO] IPUIPlugin:74 - create IPUIPlugin
2024-09-19 13:54:31,377 [INFO] IPUIPlugin:74 - create IPUIPlugin
2024-09-19 13:54:31,378 [INFO] IPUIPlugin:74 - create IPUIPlugin
2024-09-19 13:54:31,379 [INFO] IPUIPlugin:74 - create IPUIPlugin
2024-09-19 13:54:31,380 [INFO] IPUIPlugin:74 - create IPUIPlugin
2024-09-19 13:54:31,381 [INFO] IPUIPlugin:74 - create IPUIPlugin
2024-09-19 13:54:31,382 [INFO] IPUIPlugin:74 - create IPUIPlugin
2024-09-19 13:54:31,383 [INFO] IPUIPlugin:74 - create IPUIPlugin
2024-09-19 13:54:31,384 [INFO] IPUIPlugin:74 - create IPUIPlugin
2024-09-19 13:54:31,400 [INFO] IPUIPlugin:74 - create IPUIPlugin
2024-09-19 13:54:31,401 [INFO] IPUIPlugin:74 - create IPUIPlugin
2024-09-19 13:54:31,704 [INFO] OpenFileManager:333 - Restore cursor
2024-09-19 13:54:32,456 [INFO] UtilMem:74 - End SaveConfig() Used Memory: 671256152 Bytes (727711744)
2024-09-19 13:54:32,615 [INFO] UtilMem:74 - End SaveConfig() Used Memory: 682649968 Bytes (727711744)
2024-09-19 13:54:33,594 [INFO] BlockDiagram:2740 - set Specific Code input for plugin: NVIC
2024-09-19 13:54:33,595 [INFO] BlockDiagram:2740 - set Specific Code input for plugin: SYS
2024-09-19 13:54:33,595 [INFO] BlockDiagram:2740 - set Specific Code input for plugin: RCC
2024-09-19 13:54:33,598 [INFO] CodeGenerator:663 - code generatio: config db path: C:\ST\STM32CubeIDE_1.7.0\STM32CubeIDE\plugins\com.st.stm32cube.common.mx_6.3.0.202107141111\\db\
2024-09-19 13:54:34,589 [INFO] CodeEngine:239 - oldGeneratedFile, G:\Study\ViXuLy\1652026-VXL-MCU\Lab1\MXTmpFiles\license.tmp_save
2024-09-19 13:54:35,610 [INFO] CodeEngine:257 - Generated code: G:\Study\ViXuLy\1652026-VXL-MCU\Lab1\MXTmpFiles\license.tmp
2024-09-19 13:54:35,854 [INFO] CodeEngine:239 - oldGeneratedFile, G:\Study\ViXuLy\1652026-VXL-MCU\Lab1\Core\Src\stm32f1xx_it.c_save
2024-09-19 13:54:36,188 [INFO] CodeEngine:257 - Generated code: G:\Study\ViXuLy\1652026-VXL-MCU\Lab1\Core\Src\stm32f1xx_it.c
2024-09-19 13:54:36,195 [INFO] CodeEngine:239 - oldGeneratedFile, G:\Study\ViXuLy\1652026-VXL-MCU\Lab1\Core\Inc\stm32f1xx_it.h_save
2024-09-19 13:54:36,385 [INFO] CodeEngine:257 - Generated code: G:\Study\ViXuLy\1652026-VXL-MCU\Lab1\Core\Inc\stm32f1xx_it.h
2024-09-19 13:54:36,406 [INFO] CodeEngine:239 - oldGeneratedFile, G:\Study\ViXuLy\1652026-VXL-MCU\Lab1\Core\Src\stm32f1xx_hal_msp.c_save
2024-09-19 13:54:36,743 [INFO] CodeEngine:257 - Generated code: G:\Study\ViXuLy\1652026-VXL-MCU\Lab1\Core\Src\stm32f1xx_hal_msp.c
2024-09-19 13:54:36,750 [INFO] CodeEngine:239 - oldGeneratedFile, G:\Study\ViXuLy\1652026-VXL-MCU\Lab1\MXTmpFiles\system.tmp_save
2024-09-19 13:54:36,919 [INFO] CodeEngine:257 - Generated code: G:\Study\ViXuLy\1652026-VXL-MCU\Lab1\MXTmpFiles\system.tmp
2024-09-19 13:54:36,938 [INFO] CodeEngine:239 - oldGeneratedFile, G:\Study\ViXuLy\1652026-VXL-MCU\Lab1\Core\Inc\stm32f1xx_hal_conf.h_save
2024-09-19 13:54:37,163 [INFO] CodeEngine:257 - Generated code: G:\Study\ViXuLy\1652026-VXL-MCU\Lab1\Core\Inc\stm32f1xx_hal_conf.h
2024-09-19 13:54:37,275 [INFO] CodeEngine:239 - oldGeneratedFile, G:\Study\ViXuLy\1652026-VXL-MCU\Lab1\Core\Inc\main.h_save
2024-09-19 13:54:37,573 [INFO] CodeEngine:257 - Generated code: G:\Study\ViXuLy\1652026-VXL-MCU\Lab1\Core\Inc\main.h
2024-09-19 13:54:37,583 [INFO] CodeEngine:239 - oldGeneratedFile, G:\Study\ViXuLy\1652026-VXL-MCU\Lab1\Core\Src\main.c_save
2024-09-19 13:54:37,947 [INFO] CodeEngine:257 - Generated code: G:\Study\ViXuLy\1652026-VXL-MCU\Lab1\Core\Src\main.c
2024-09-19 13:54:40,241 [INFO] ProjectBuilder:2578 - Time for Copy HAL[1] : 169mS.
2024-09-19 13:54:40,255 [INFO] ProjectBuilder:3622 - Project Generator version: 3.14.1
2024-09-19 13:54:41,523 [INFO] ConfigFileManager:1271 - The Die is : DIE412
2024-09-19 13:54:41,561 [INFO] ApiDbMcu:468 - Load IP Config File for FATFS
2024-09-19 13:54:41,654 [INFO] ApiDbMcu:468 - Load IP Config File for FREERTOS
2024-09-19 13:54:41,724 [INFO] ApiDbMcu:468 - Load IP Config File for USB_DEVICE
2024-09-19 13:54:49,104 [INFO] ProjectBuilder:3789 - Time for Generating toolchain IDE Files: 8849mS.
2024-09-19 13:54:49,106 [INFO] ProjectBuilder:2457 - Time for Copy CMSIS : 1mS.
2024-09-19 13:54:49,111 [INFO] ProjectBuilder:2457 - Time for Copy CMSIS : 1mS.
2024-09-19 13:54:49,833 [INFO] McuFinderGlobals:52 - Set McuFinderConnectedMode to true
2024-09-19 13:54:49,837 [INFO] ApiDb:276 - Save user favorites file C:\Users\phaml/.stm32cubeide/favorites.mcus.txt: 0 item(s)
2024-09-19 13:54:49,837 [INFO] ApiDb:280 - User favorites MCUs=[]
2024-09-19 15:42:37,827 [INFO] Activator:177 - 


2024-09-19 15:42:37,834 [INFO] Activator:178 - !SESSION log4j initialized
